Arguments: 
  /usr/bin/node /usr/share/yarn/bin/yarn.js add body-parser

PATH: 
  /usr/local/sbin:/usr/local/bin:/usr/sbin:/usr/bin:/sbin:/bin:/usr/games:/usr/local/games:/snap/bin

Yarn version: 
  1.16.0

Node version: 
  10.16.0

Platform: 
  linux x64

Trace: 
  Error: EACCES: permission denied, unlink '/home/felipe/Desktop/Felipe/Projetos/dockerNode/node_modules/.yarn-integrity'

npm manifest: 
  {
    "name": "dockerNode",
    "version": "1.0.0",
    "main": "index.js",
    "author": "Felipe Rodrigues",
    "license": "MIT",
    "dependencies": {
      "typescript": "^3.5.2"
    }
  }

yarn manifest: 
  No manifest

Lockfile: 
  # THIS IS AN AUTOGENERATED FILE. DO NOT EDIT THIS FILE DIRECTLY.
  # yarn lockfile v1
  
  
  typescript@^3.5.2:
    version "3.5.2"
    resolved "https://registry.yarnpkg.com/typescript/-/typescript-3.5.2.tgz#a09e1dc69bc9551cadf17dba10ee42cf55e5d56c"
    integrity sha512-7KxJovlYhTX5RaRbUdkAXN1KUZ8PwWlTzQdHV6xNqvuFOs7+WBo10TQUqT19Q/Jz2hk5v9TQDIhyLhhJY4p5AA==
